0 info it worked if it ends with ok
1 verbose cli [ 'C:\\Program Files\\nodejs\\node.exe',
1 verbose cli   'C:\\Program Files\\nodejs\\node_modules\\npm\\bin\\npm-cli.js',
1 verbose cli   'run',
1 verbose cli   'build' ]
2 info using npm@3.10.8
3 info using node@v6.9.1
4 verbose run-script [ 'prebuild', 'build', 'postbuild' ]
5 info lifecycle harmonyuidemo@0.0.1~prebuild: harmonyuidemo@0.0.1
6 silly lifecycle harmonyuidemo@0.0.1~prebuild: no script for prebuild, continuing
7 info lifecycle harmonyuidemo@0.0.1~build: harmonyuidemo@0.0.1
8 verbose lifecycle harmonyuidemo@0.0.1~build: unsafe-perm in lifecycle true
9 verbose lifecycle harmonyuidemo@0.0.1~build: PATH: C:\Program Files\nodejs\node_modules\npm\bin\node-gyp-bin;D:\HarmonyUIDemo\node_modules\.bin;C:\app\product\11.2.0\client_1\bin;C:\Windows\system32;C:\Windows;C:\Windows\System32\Wbem;C:\Windows\System32\WindowsPowerShell\v1.0\;C:\Program Files\TortoiseSVN\bin;%JAVA_HOME%\bin;C:\Program Files (x86)\Windows7Master;C:\Program Files (x86)\Skype\Phone\;C:\Program Files\nodejs\;C:\Users\sihuan.huang\AppData\Local\atom\bin;C:\Users\sihuan.huang\AppData\Roaming\npm
10 verbose lifecycle harmonyuidemo@0.0.1~build: CWD: D:\HarmonyUIDemo
11 silly lifecycle harmonyuidemo@0.0.1~build: Args: [ '/d /s /c',
11 silly lifecycle   'rimraf dist  && webpack --config webpack.config.js' ]
12 silly lifecycle harmonyuidemo@0.0.1~build: Returned: code: 1  signal: null
13 info lifecycle harmonyuidemo@0.0.1~build: Failed to exec build script
14 verbose stack Error: harmonyuidemo@0.0.1 build: `rimraf dist  && webpack --config webpack.config.js`
14 verbose stack Exit status 1
14 verbose stack     at EventEmitter.<anonymous> (C:\Program Files\nodejs\node_modules\npm\lib\utils\lifecycle.js:255:16)
14 verbose stack     at emitTwo (events.js:106:13)
14 verbose stack     at EventEmitter.emit (events.js:191:7)
14 verbose stack     at ChildProcess.<anonymous> (C:\Program Files\nodejs\node_modules\npm\lib\utils\spawn.js:40:14)
14 verbose stack     at emitTwo (events.js:106:13)
14 verbose stack     at ChildProcess.emit (events.js:191:7)
14 verbose stack     at maybeClose (internal/child_process.js:877:16)
14 verbose stack     at Process.ChildProcess._handle.onexit (internal/child_process.js:226:5)
15 verbose pkgid harmonyuidemo@0.0.1
16 verbose cwd D:\HarmonyUIDemo\font
17 error Windows_NT 6.1.7601
18 error argv "C:\\Program Files\\nodejs\\node.exe" "C:\\Program Files\\nodejs\\node_modules\\npm\\bin\\npm-cli.js" "run" "build"
19 error node v6.9.1
20 error npm  v3.10.8
21 error code ELIFECYCLE
22 error harmonyuidemo@0.0.1 build: `rimraf dist  && webpack --config webpack.config.js`
22 error Exit status 1
23 error Failed at the harmonyuidemo@0.0.1 build script 'rimraf dist  && webpack --config webpack.config.js'.
23 error Make sure you have the latest version of node.js and npm installed.
23 error If you do, this is most likely a problem with the harmonyuidemo package,
23 error not with npm itself.
23 error Tell the author that this fails on your system:
23 error     rimraf dist  && webpack --config webpack.config.js
23 error You can get information on how to open an issue for this project with:
23 error     npm bugs harmonyuidemo
23 error Or if that isn't available, you can get their info via:
23 error     npm owner ls harmonyuidemo
23 error There is likely additional logging output above.
24 verbose exit [ 1, true ]
